<?xml version="1.0" encoding="UTF-8"?>
<!-- Generated by org.testng.reporters.JUnitXMLReporter -->
<testsuite ignored="0" hostname="MUNTASIR-PC" failures="0" tests="4" name="Demo Test" time="42.824" errors="0" timestamp="2021-03-20T20:58:45 BDT">
  <testcase classname="com.TestNG.LoginDataDriven" name="LoginTest" time="10.83"/>
  <testcase classname="com.TestNG.LoginDataDriven" name="LoginTest" time="10.063"/>
  <testcase classname="com.TestNG.LoginDataDriven" name="LoginTest" time="9.354"/>
  <testcase classname="com.TestNG.LoginDataDriven" name="LoginTest" time="9.399"/>
</testsuite> <!-- Demo Test -->
