<?xml version="1.0" encoding="UTF-8"?>
<testng-results ignored="0" total="1" passed="1" failed="0" skipped="0">
  <reporter-output>
  </reporter-output>
  <suite started-at="2021-03-19T20:50:28 BDT" name="Automation Suite" finished-at="2021-03-19T20:50:35 BDT" duration-ms="6339">
    <groups>
    </groups>
    <test started-at="2021-03-19T20:50:28 BDT" name="Demo Test" finished-at="2021-03-19T20:50:35 BDT" duration-ms="6339">
      <class name="com.Screenshots.PageScreenshot">
        <test-method is-config="true" signature="config()[pri:0, instance:com.Screenshots.PageScreenshot@7133da86]" started-at="2021-03-19T20:50:28 BDT" name="config" finished-at="2021-03-19T20:50:34 BDT" duration-ms="5416" status="PASS">
          <reporter-output>
          </reporter-output>
        </test-method> <!-- config -->
        <test-method signature="generateScreenshot()[pri:0, instance:com.Screenshots.PageScreenshot@7133da86]" started-at="2021-03-19T20:50:34 BDT" name="generateScreenshot" finished-at="2021-03-19T20:50:34 BDT" duration-ms="687" status="PASS">
          <reporter-output>
          </reporter-output>
        </test-method> <!-- generateScreenshot -->
        <test-method is-config="true" signature="closeTest()[pri:0, instance:com.Screenshots.PageScreenshot@7133da86]" started-at="2021-03-19T20:50:34 BDT" name="closeTest" finished-at="2021-03-19T20:50:35 BDT" duration-ms="185" status="PASS">
          <reporter-output>
          </reporter-output>
        </test-method> <!-- closeTest -->
      </class> <!-- com.Screenshots.PageScreenshot -->
    </test> <!-- Demo Test -->
  </suite> <!-- Automation Suite -->
</testng-results>
