<?xml version="1.0" encoding="UTF-8"?>
<testng-results ignored="0" total="4" passed="4" failed="0" skipped="0">
  <reporter-output>
  </reporter-output>
  <suite started-at="2021-03-20T20:58:02 BDT" name="Automation Suite" finished-at="2021-03-20T20:58:45 BDT" duration-ms="42824">
    <groups>
    </groups>
    <test started-at="2021-03-20T20:58:02 BDT" name="Demo Test" finished-at="2021-03-20T20:58:45 BDT" duration-ms="42824">
      <class name="com.TestNG.LoginDataDriven">
        <test-method is-config="true" signature="config()[pri:0, instance:com.TestNG.LoginDataDriven@618425b5]" started-at="2021-03-20T20:58:02 BDT" name="config" finished-at="2021-03-20T20:58:05 BDT" duration-ms="2967" status="PASS">
          <reporter-output>
          </reporter-output>
        </test-method> <!-- config -->
        <test-method signature="LoginTest(java.lang.String,java.lang.String)[pri:0, instance:com.TestNG.LoginDataDriven@618425b5]" started-at="2021-03-20T20:58:05 BDT" name="LoginTest" data-provider="TestData" finished-at="2021-03-20T20:58:16 BDT" duration-ms="10830" status="PASS">
          <params>
            <param index="0">
              <value>
                <![CDATA[email1@invalid.com]]>
              </value>
            </param>
            <param index="1">
              <value>
                <![CDATA[123456]]>
              </value>
            </param>
          </params>
          <reporter-output>
          </reporter-output>
        </test-method> <!-- LoginTest -->
        <test-method signature="LoginTest(java.lang.String,java.lang.String)[pri:0, instance:com.TestNG.LoginDataDriven@618425b5]" started-at="2021-03-20T20:58:16 BDT" name="LoginTest" data-provider="TestData" finished-at="2021-03-20T20:58:26 BDT" duration-ms="10063" status="PASS">
          <params>
            <param index="0">
              <value>
                <![CDATA[email2@invalid.com]]>
              </value>
            </param>
            <param index="1">
              <value>
                <![CDATA[123456]]>
              </value>
            </param>
          </params>
          <reporter-output>
          </reporter-output>
        </test-method> <!-- LoginTest -->
        <test-method signature="LoginTest(java.lang.String,java.lang.String)[pri:0, instance:com.TestNG.LoginDataDriven@618425b5]" started-at="2021-03-20T20:58:26 BDT" name="LoginTest" data-provider="TestData" finished-at="2021-03-20T20:58:35 BDT" duration-ms="9354" status="PASS">
          <params>
            <param index="0">
              <value>
                <![CDATA[email3@invalid.com]]>
              </value>
            </param>
            <param index="1">
              <value>
                <![CDATA[123456]]>
              </value>
            </param>
          </params>
          <reporter-output>
          </reporter-output>
        </test-method> <!-- LoginTest -->
        <test-method signature="LoginTest(java.lang.String,java.lang.String)[pri:0, instance:com.TestNG.LoginDataDriven@618425b5]" started-at="2021-03-20T20:58:35 BDT" name="LoginTest" data-provider="TestData" finished-at="2021-03-20T20:58:44 BDT" duration-ms="9399" status="PASS">
          <params>
            <param index="0">
              <value>
                <![CDATA[email@mail.com]]>
              </value>
            </param>
            <param index="1">
              <value>
                <![CDATA[12345678]]>
              </value>
            </param>
          </params>
          <reporter-output>
          </reporter-output>
        </test-method> <!-- LoginTest -->
        <test-method is-config="true" signature="closeTest()[pri:0, instance:com.TestNG.LoginDataDriven@618425b5]" started-at="2021-03-20T20:58:44 BDT" name="closeTest" finished-at="2021-03-20T20:58:45 BDT" duration-ms="143" status="PASS">
          <reporter-output>
          </reporter-output>
        </test-method> <!-- closeTest -->
      </class> <!-- com.TestNG.LoginDataDriven -->
    </test> <!-- Demo Test -->
  </suite> <!-- Automation Suite -->
</testng-results>
